<?xml version="1.0" encoding="UTF-8"?>
<!-- Generated by org.testng.reporters.JUnitReportReporter -->
<testsuite hostname="Kunal-PC" name="testCases.Framework_001" tests="1" failures="0" timestamp="10 Jan 2017 05:19:42 GMT" time="173.043" errors="0">
  <testcase name="main" time="173.043" classname="testCases.Framework_001"/>
</testsuite> <!-- testCases.Framework_001 -->
