<?xml version="1.0" encoding="UTF-8"?>
<!-- Generated by org.testng.reporters.JUnitReportReporter -->
<testsuite hostname="INCTN249" name="TestNG.Sample" tests="1" failures="0" timestamp="20 Aug 2018 07:04:14 GMT" time="14.268" errors="0">
  <testcase name="open" time="14.268" classname="TestNG.Sample"/>
</testsuite> <!-- TestNG.Sample -->
